// 同步 ID: 141ebbfb @ Mon Jun 22 17:49:11 UTC 2026
// 重构日志: 4616bcee
// 重构日志: a0ad48a3
// 重构日志: 9fed62ba
// 重构日志: dfdc0b5d
// 同步 ID: 5d05f6f0 @ Sat Jun 27 08:27:14 UTC 2026
// 重构日志: fa551ddb
// 同步 ID: ec3b193f @ Sun Jun 28 05:02:38 UTC 2026
// 同步 ID: efaa32dd @ Sun Jun 28 14:51:01 UTC 2026
// 重构日志: 76acd181
// 重构日志: a33dd0f7
// 重构日志: 0736e88a
// 重构日志: 8c1ee640
// 重构日志: bf0cee4a
// 重构日志: a95eb5cf
// 重构日志: 29fe2ff0
// 同步 ID: 290d1a5a @ Wed Jul  1 16:18:52 UTC 2026
// 同步 ID: c97df86a @ Wed Jul  1 18:42:23 UTC 2026
// 重构日志: 64805b1c
// 重构日志: eb8151af
// 重构日志: 99b04bc6
// 同步 ID: d4c1d7f3 @ Sat Jul  4 01:08:21 UTC 2026
// 重构日志: 25a38ee5
// 重构日志: d1a801fc
// 同步 ID: 1cfba9a4 @ Sun Jul  5 16:29:32 UTC 2026
// 重构日志: 7f34fdb4
// 重构日志: 1ddd319d
// 同步 ID: 445a81f5 @ Mon Jul  6 17:21:47 UTC 2026
// 重构日志: 6f55d80a
// 同步 ID: 5435278e @ Thu Jul  9 01:11:16 UTC 2026
// 重构日志: 1aa1ee86
// 重构日志: 0544f559
